[2025-05-14 12:41:36] [ERROR]: Error at POST /api/v1/auth/send-otp - RegisterService.transporter.sendMail is not a function - body: {"email":"buitragiabao2016@gmail.com"} - query: {} - params: {}
[2025-05-14 12:45:09] [ERROR]: Error at POST /api/v1/auth/send-otp - RegisterService.transporter(...).sendMail is not a function - body: {"email":"buitragiabao2016@gmail.com"} - query: {} - params: {}
[2025-05-14 12:45:19] [ERROR]: Error at POST /api/v1/auth/send-otp - RegisterService.transporter(...).send is not a function - body: {"email":"buitragiabao2016@gmail.com"} - query: {} - params: {}
[2025-05-14 12:46:10] [ERROR]: Error at POST /api/v1/auth/send-otp - Invalid login: 535-5.7.8 Username and Password not accepted. For more information, go to
535 5.7.8  https://support.google.com/mail/?p=BadCredentials d9443c01a7336-22fc828954fsm91615755ad.175 - gsmtp - body: {"email":"buitragiabao2016@gmail.com"} - query: {} - params: {}
[2025-05-14 16:15:23] [ERROR]: Error at POST /api/v1/auth/check-email-exist - Email already exists - body: {"email":"admin@gmail.com"} - query: {} - params: {}
[2025-05-14 16:17:51] [ERROR]: Error at POST /api/v1/auth/check-email-exist - Email already exists - body: {"email":"admin@gmail.com"} - query: {} - params: {}
[2025-05-14 16:18:06] [ERROR]: Error at POST /api/v1/auth/check-email-exist - Email already exists - body: {"email":"admin@gmail.com"} - query: {} - params: {}
[2025-05-14 16:20:53] [ERROR]: Error at POST /api/v1/auth/check-email-exist - Email already exists - body: {"email":"admin@gmail.com"} - query: {} - params: {}
[2025-05-14 16:20:54] [ERROR]: Error at POST /api/v1/auth/check-email-exist - Email already exists - body: {"email":"admin@gmail.com"} - query: {} - params: {}
[2025-05-14 16:21:13] [ERROR]: Error at POST /api/v1/auth/check-phone-number-exist - Phone number is required - body: {"phone":"0855454916"} - query: {} - params: {}
[2025-05-14 16:21:19] [ERROR]: Error at POST /api/v1/auth/check-phone-number-exist - Phone number is required - body: {"phone":"0855454916"} - query: {} - params: {}
[2025-05-14 16:22:12] [ERROR]: Error at POST /api/v1/auth/check-email-exist - Email already exists - body: {"email":"admin@gmail.com"} - query: {} - params: {}
[2025-05-14 16:22:13] [ERROR]: Error at POST /api/v1/auth/check-email-exist - Email already exists - body: {"email":"admin@gmail.com"} - query: {} - params: {}
[2025-05-14 16:22:57] [ERROR]: Error at POST /api/v1/auth/check-email-exist - Email already exists - body: {"email":"admin@gmail.com"} - query: {} - params: {}
[2025-05-14 16:22:57] [ERROR]: Error at POST /api/v1/auth/check-phone-number-exist - Phone number is required - body: {"phone":"08554549522"} - query: {} - params: {}
[2025-05-14 16:22:57] [ERROR]: Error at POST /api/v1/auth/check-email-exist - Email already exists - body: {"email":"admin@gmail.com"} - query: {} - params: {}
[2025-05-14 16:22:57] [ERROR]: Error at POST /api/v1/auth/check-phone-number-exist - Phone number is required - body: {"phone":"08554549522"} - query: {} - params: {}
[2025-05-14 16:22:58] [ERROR]: Error at POST /api/v1/auth/check-email-exist - Email already exists - body: {"email":"admin@gmail.com"} - query: {} - params: {}
[2025-05-14 16:22:58] [ERROR]: Error at POST /api/v1/auth/check-phone-number-exist - Phone number is required - body: {"phone":"0855454911"} - query: {} - params: {}
[2025-05-14 16:22:58] [ERROR]: Error at POST /api/v1/auth/check-email-exist - Email already exists - body: {"email":"admin@gmail.com"} - query: {} - params: {}
[2025-05-14 16:22:58] [ERROR]: Error at POST /api/v1/auth/check-phone-number-exist - Phone number is required - body: {"phone":"0855454911"} - query: {} - params: {}
[2025-05-14 16:23:11] [ERROR]: Error at POST /api/v1/auth/check-email-exist - Email already exists - body: {"email":"admin@gmail.com"} - query: {} - params: {}
[2025-05-14 16:23:11] [ERROR]: Error at POST /api/v1/auth/check-phone-number-exist - Phone number is required - body: {"phone":"0855454912"} - query: {} - params: {}
[2025-05-14 16:23:15] [ERROR]: Error at POST /api/v1/auth/check-email-exist - Email already exists - body: {"email":"admin@gmail.com"} - query: {} - params: {}
[2025-05-14 16:23:15] [ERROR]: Error at POST /api/v1/auth/check-phone-number-exist - Phone number is required - body: {"phone":"0855454912"} - query: {} - params: {}
[2025-05-14 16:23:15] [ERROR]: Error at POST /api/v1/auth/check-email-exist - Email already exists - body: {"email":"admin@gmail.com"} - query: {} - params: {}
[2025-05-14 16:23:16] [ERROR]: Error at POST /api/v1/auth/check-phone-number-exist - Phone number is required - body: {"phone":"0855454914"} - query: {} - params: {}
[2025-05-14 16:23:16] [ERROR]: Error at POST /api/v1/auth/check-email-exist - Email already exists - body: {"email":"admin@gmail.com"} - query: {} - params: {}
[2025-05-14 16:23:16] [ERROR]: Error at POST /api/v1/auth/check-phone-number-exist - Phone number is required - body: {"phone":"0855454914"} - query: {} - params: {}
[2025-05-14 16:23:53] [ERROR]: Error at POST /api/v1/auth/check-email-exist - Email already exists - body: {"email":"admin@gmail.com"} - query: {} - params: {}
[2025-05-14 16:23:59] [ERROR]: Error at POST /api/v1/auth/check-email-exist - Email already exists - body: {"email":"admin@gmail.com"} - query: {} - params: {}
[2025-05-14 16:23:59] [ERROR]: Error at POST /api/v1/auth/check-phone-number-exist - Phone number is required - body: {"phone":"0855454911"} - query: {} - params: {}
[2025-05-14 16:24:05] [ERROR]: Error at POST /api/v1/auth/check-email-exist - Email already exists - body: {"email":"admin@gmail.com"} - query: {} - params: {}
[2025-05-14 16:24:05] [ERROR]: Error at POST /api/v1/auth/check-phone-number-exist - Phone number is required - body: {"phone":"0855454912"} - query: {} - params: {}
[2025-05-14 16:24:08] [ERROR]: Error at POST /api/v1/auth/check-email-exist - Email already exists - body: {"email":"admin@gmail.com"} - query: {} - params: {}
[2025-05-14 16:24:08] [ERROR]: Error at POST /api/v1/auth/check-phone-number-exist - Phone number is required - body: {"phone":"0855454913"} - query: {} - params: {}
[2025-05-14 16:24:24] [ERROR]: Error at POST /api/v1/auth/check-email-exist - Email already exists - body: {"email":"admin@gmail.com"} - query: {} - params: {}
[2025-05-14 16:24:30] [ERROR]: Error at POST /api/v1/auth/check-phone-number-exist - Phone number is required - body: {"phone":"08554549155"} - query: {} - params: {}
[2025-05-14 16:24:30] [ERROR]: Error at POST /api/v1/auth/check-email-exist - Email already exists - body: {"email":"admin@gmail.com"} - query: {} - params: {}
[2025-05-14 16:24:30] [ERROR]: Error at POST /api/v1/auth/check-phone-number-exist - Phone number is required - body: {"phone":"0855454955"} - query: {} - params: {}
[2025-05-14 16:25:54] [ERROR]: Error at POST /api/v1/auth/check-email-exist - Email already exists - body: {"email":"admin@gmail.com"} - query: {} - params: {}
[2025-05-14 16:25:54] [ERROR]: Error at POST /api/v1/auth/check-email-exist - Email already exists - body: {"email":"admin@gmail.com"} - query: {} - params: {}
[2025-05-14 16:25:55] [ERROR]: Error at POST /api/v1/auth/check-email-exist - Email already exists - body: {"email":"admin@gmail.com"} - query: {} - params: {}
[2025-05-14 16:26:09] [ERROR]: Error at POST /api/v1/auth/check-email-exist - Email already exists - body: {"email":"admin@gmail.com"} - query: {} - params: {}
[2025-05-14 16:27:26] [ERROR]: Error at POST /api/v1/auth/check-phone-number-exist - Phone number already exists - body: {"phoneNumber":"0855454913"} - query: {} - params: {}
[2025-05-14 16:27:57] [ERROR]: Error at POST /api/v1/auth/check-phone-number-exist - Phone number already exists - body: {"phoneNumber":"0855454919"} - query: {} - params: {}
[2025-05-14 16:28:07] [ERROR]: Error at POST /api/v1/auth/check-phone-number-exist - Phone number already exists - body: {"phoneNumber":"0855454912"} - query: {} - params: {}
[2025-05-14 16:30:09] [ERROR]: Error at POST /api/v1/auth/check-email-exist - Email already exists - body: {"email":"admin@gmail.com"} - query: {} - params: {}
[2025-05-14 16:31:42] [ERROR]: Error at POST /api/v1/auth/check-email-exist - Email already exists - body: {"email":"admin@gmail.com"} - query: {} - params: {}
[2025-05-14 16:31:47] [ERROR]: Error at POST /api/v1/auth/check-email-exist - Email already exists - body: {"email":"admin@gmail.com"} - query: {} - params: {}
[2025-05-14 16:31:51] [ERROR]: Error at POST /api/v1/auth/check-email-exist - Email already exists - body: {"email":"admin@gmail.com"} - query: {} - params: {}
[2025-05-14 16:31:52] [ERROR]: Error at POST /api/v1/auth/check-email-exist - Email already exists - body: {"email":"admin@gmail.com"} - query: {} - params: {}
[2025-05-14 16:31:52] [ERROR]: Error at POST /api/v1/auth/check-phone-number-exist - Phone number already exists - body: {"phoneNumber":"0855454912"} - query: {} - params: {}
[2025-05-14 16:32:46] [ERROR]: Error at POST /api/v1/auth/check-email-exist - Email already exists - body: {"email":"admin@gmail.com"} - query: {} - params: {}
[2025-05-14 16:32:46] [ERROR]: Error at POST /api/v1/auth/check-email-exist - Email already exists - body: {"email":"admin@gmail.com"} - query: {} - params: {}
[2025-05-14 16:32:46] [ERROR]: Error at POST /api/v1/auth/check-phone-number-exist - Phone number already exists - body: {"phoneNumber":"0855454912"} - query: {} - params: {}
[2025-05-14 16:32:51] [ERROR]: Error at POST /api/v1/auth/check-email-exist - Email already exists - body: {"email":"admin@gmail.com"} - query: {} - params: {}
[2025-05-14 16:32:52] [ERROR]: Error at POST /api/v1/auth/check-email-exist - Email already exists - body: {"email":"admin@gmail.com"} - query: {} - params: {}
[2025-05-14 16:32:58] [ERROR]: Error at POST /api/v1/auth/check-email-exist - Email already exists - body: {"email":"admin@gmail.com"} - query: {} - params: {}
[2025-05-14 16:32:58] [ERROR]: Error at POST /api/v1/auth/check-phone-number-exist - Phone number already exists - body: {"phoneNumber":"0855454913"} - query: {} - params: {}
[2025-05-14 16:33:07] [ERROR]: Error at POST /api/v1/auth/check-email-exist - Email already exists - body: {"email":"admin@gmail.com"} - query: {} - params: {}
[2025-05-14 16:33:08] [ERROR]: Error at POST /api/v1/auth/check-phone-number-exist - Phone number already exists - body: {"phoneNumber":"0855454912"} - query: {} - params: {}
[2025-05-14 16:33:08] [ERROR]: Error at POST /api/v1/auth/check-email-exist - Email already exists - body: {"email":"admin@gmail.com"} - query: {} - params: {}
[2025-05-14 16:36:08] [ERROR]: Error at POST /api/v1/auth/check-email-exist - Email already exists - body: {"email":"buitragiabao2015@gmail.com"} - query: {} - params: {}
[2025-05-14 16:45:20] [ERROR]: Error at POST /api/v1/auth/check-email-exist - Email already exists - body: {"email":"buitragiabao2015@gmail.com"} - query: {} - params: {}
[2025-05-14 17:08:54] [ERROR]: Error at POST /api/v1/auth/check-phone-number-exist - Phone number already exists - body: {"phoneNumber":"0855454913"} - query: {} - params: {}
[2025-05-14 17:10:15] [ERROR]: Error at POST /api/v1/auth/check-phone-number-exist - Phone number already exists - body: {"phoneNumber":"0855454913"} - query: {} - params: {}
[2025-05-14 17:10:26] [ERROR]: Error at POST /api/v1/auth/check-phone-number-exist - Phone number already exists - body: {"phoneNumber":"0855454913"} - query: {} - params: {}
[2025-05-14 17:25:13] [ERROR]: Error at POST /api/v1/auth/check-phone-number-exist - Phone number already exists - body: {"phoneNumber":"0855454913"} - query: {} - params: {}
[2025-05-14 17:25:19] [ERROR]: Error at POST /api/v1/auth/check-phone-number-exist - Phone number already exists - body: {"phoneNumber":"0855454912"} - query: {} - params: {}
[2025-05-14 17:25:27] [ERROR]: Error at POST /api/v1/auth/check-phone-number-exist - Phone number already exists - body: {"phoneNumber":"0855454913"} - query: {} - params: {}
[2025-05-14 17:25:30] [ERROR]: Error at POST /api/v1/auth/check-phone-number-exist - Phone number already exists - body: {"phoneNumber":"0855454912"} - query: {} - params: {}
